[11/8/2025, 22.12.09] [INFO] Bot launched
[11/8/2025, 22.12.18] [INFO] [Message] From: mewzrd (7357437878), Text: /start
[11/8/2025, 22.12.22] [INFO] [Message] From: mewzrd (7357437878), Text: /tebakgambar
[11/8/2025, 22.24.09] [INFO] Bot launched
[11/8/2025, 22.24.16] [INFO] [Message] From: mewzrd (7357437878), Text: /halo
[11/8/2025, 22.26.40] [INFO] Bot launched
[11/8/2025, 22.26.47] [INFO] [Message] From: mewzrd (7357437878), Text: /halo
[11/8/2025, 22.28.47] [INFO] Bot launched
[11/8/2025, 22.28.55] [INFO] [Message] From: mewzrd (7357437878), Text: /halo
[11/8/2025, 22.30.37] [INFO] Bot launched
[11/8/2025, 22.30.41] [INFO] [Message] From: mewzrd (7357437878), Text: /halo
[11/8/2025, 22.31.22] [INFO] Bot launched
[11/8/2025, 22.31.27] [INFO] [Message] From: mewzrd (7357437878), Text: /halo
[11/8/2025, 22.37.56] [INFO] Bot launched
[11/8/2025, 22.38.01] [INFO] [Message] From: mewzrd (7357437878), Text: /halo
[11/8/2025, 22.38.02] [INFO] [Message] From: mewzrd (7357437878), Text: hhh
[11/8/2025, 22.38.10] [INFO] [Message] From: mewzrd (7357437878), Text: /halo
[11/8/2025, 22.39.15] [INFO] Bot launched
[11/8/2025, 22.39.20] [INFO] [Message] From: mewzrd (7357437878), Text: /start
[11/8/2025, 22.39.24] [INFO] [Message] From: mewzrd (7357437878), Text: /setlang
[11/8/2025, 22.39.29] [INFO] [Message] From: mewzrd (7357437878), Text: /setlang en
[11/8/2025, 22.39.44] [INFO] [Message] From: mewzrd (7357437878), Text: /halo
[11/8/2025, 22.39.48] [INFO] [Message] From: mewzrd (7357437878), Text: /halo
[11/8/2025, 22.44.39] [INFO] Bot launched
[11/8/2025, 22.44.59] [INFO] [Message] From: mewzrd (7357437878), Text: tes dikit
[11/8/2025, 22.45.04] [INFO] [Message] From: mewzrd (7357437878), Text: /tebakgambar
[11/8/2025, 22.48.39] [INFO] Bot launched
[11/8/2025, 22.48.43] [INFO] [Message] From: mewzrd (7357437878), Text: /tebakgambar
[11/8/2025, 22.49.01] [INFO] [Message] From: mewzrd (7357437878), Text: /setlang en
[11/8/2025, 22.49.06] [INFO] [Message] From: jastiporgckep (7875331076), Text: sarana olahraga
[11/8/2025, 22.49.11] [INFO] [Message] From: mewzrd (7357437878), Text: /tebakgambar
[11/8/2025, 22.49.20] [INFO] [Message] From: jastiporgckep (7875331076), Text: hah
[11/8/2025, 22.49.31] [INFO] [Message] From: mewzrd (7357437878), Text: nah aku buat multi language dikit
[11/8/2025, 22.49.42] [INFO] [Message] From: jastiporgckep (7875331076), Text: bagus²
[11/8/2025, 22.49.53] [INFO] [Message] From: mewzrd (7357437878), Text: /setlang id
[11/8/2025, 22.49.57] [INFO] [Message] From: mewzrd (7357437878), Text: /tebakgambar
[11/8/2025, 22.50.17] [INFO] [Message] From: jastiporgckep (7875331076), Text: aku gatau jawabannya, intinya aku cakep udahh
[11/8/2025, 22.53.14] [INFO] Bot launched
[11/8/2025, 22.53.28] [INFO] [Message] From: jastiporgckep (7875331076), Text: ga nanya🙄🙄🙄
[11/8/2025, 22.53.28] [INFO] [Message] From: mewzrd (7357437878), Text: kalo cakep
[11/8/2025, 22.53.28] [INFO] [Message] From: jastiporgckep (7875331076), Text: [non-text message]
[11/8/2025, 22.53.28] [INFO] [Message] From: mewzrd (7357437878), Text: manaaa pap nya
[11/8/2025, 22.53.28] [INFO] [Message] From: jastiporgckep (7875331076), Text: pap apa coba☺️🙏
[11/8/2025, 22.53.28] [INFO] [Message] From: mewzrd (7357437878), Text: dih
[11/8/2025, 22.53.28] [INFO] [Message] From: mewzrd (7357437878), Text: pelit
[11/8/2025, 22.53.28] [INFO] [Message] From: jastiporgckep (7875331076), Text: [non-text message]
[11/8/2025, 22.53.28] [INFO] [Message] From: jastiporgckep (7875331076), Text: [non-text message]
[11/8/2025, 22.53.28] [INFO] [Message] From: mewzrd (7357437878), Text: em
[11/8/2025, 22.53.28] [INFO] [Message] From: jastiporgckep (7875331076), Text: [non-text message]
[11/8/2025, 22.53.28] [ERROR] Message handler error: Cannot read properties of undefined (reading 'messageId')
[11/8/2025, 22.53.29] [INFO] [Message] From: mewzrd (7357437878), Text: dih
[11/8/2025, 22.53.29] [INFO] [Message] From: mewzrd (7357437878), Text: oke
[11/8/2025, 22.53.29] [INFO] [Message] From: mewzrd (7357437878), Text: /tebakgambar
[11/8/2025, 22.54.02] [INFO] [Message] From: jastiporgckep (7875331076), Text: apa ya kak☺️
[11/8/2025, 22.56.17] [INFO] [Message] From: mewzrd (7357437878), Text: /setlang en
[11/8/2025, 22.56.20] [INFO] [Message] From: mewzrd (7357437878), Text: /tebakgambar
[11/8/2025, 23.04.18] [INFO] Bot launched
[11/8/2025, 23.04.24] [INFO] [Message] From: mewzrd (7357437878), Text: /tebakgambar
[11/8/2025, 23.04.38] [INFO] [Message] From: mewzrd (7357437878), Text: gatau
[11/8/2025, 23.04.51] [INFO] [Message] From: mewzrd (7357437878), Text: /setlang en
[11/8/2025, 23.05.00] [INFO] [Message] From: mewzrd (7357437878), Text: hshsh
[11/8/2025, 23.05.09] [INFO] [Message] From: mewzrd (7357437878), Text: ular tangga
[11/8/2025, 23.06.05] [INFO] Bot launched
[11/8/2025, 23.06.22] [INFO] [Message] From: mewzrd (7357437878), Text: /tebakgambar
[11/8/2025, 23.06.58] [INFO] [Message] From: mewzrd (7357437878), Text: totalitas perjuangan
[11/8/2025, 23.07.48] [INFO] Bot launched
[11/8/2025, 23.07.55] [INFO] [Message] From: mewzrd (7357437878), Text: /tebakgambar
[11/8/2025, 23.08.12] [INFO] [Message] From: mewzrd (7357437878), Text: uuh
[11/8/2025, 23.08.25] [INFO] [Message] From: mewzrd (7357437878), Text: disambar halilintar
[11/8/2025, 23.08.34] [INFO] [Message] From: mewzrd (7357437878), Text: /setlang en
[11/8/2025, 23.08.46] [INFO] [Message] From: mewzrd (7357437878), Text: /tebakgambar
[11/8/2025, 23.08.56] [INFO] [Message] From: mewzrd (7357437878), Text: tes
[11/8/2025, 23.09.09] [INFO] [Message] From: mewzrd (7357437878), Text: /tebakgambar
[11/8/2025, 23.09.25] [INFO] [Message] From: mewzrd (7357437878), Text: anak panglima
[12/8/2025, 00.21.44] [INFO] Bot launched
[12/8/2025, 00.21.53] [INFO] [Message] From: mewzrd (7357437878), Text: /setlang
[12/8/2025, 00.22.50] [INFO] Bot launched
[12/8/2025, 00.22.54] [INFO] [Message] From: mewzrd (7357437878), Text: /setlang
[12/8/2025, 00.23.51] [INFO] [Message] From: mewzrd (7357437878), Text: /tebakgambar
[12/8/2025, 00.24.07] [INFO] [Message] From: mewzrd (7357437878), Text: gatay
[12/8/2025, 00.28.12] [INFO] Bot launched
[12/8/2025, 00.28.18] [INFO] [Message] From: mewzrd (7357437878), Text: /help@jejeyversiclone_bot
[12/8/2025, 00.28.30] [INFO] [Message] From: mewzrd (7357437878), Text: /start
[12/8/2025, 00.28.36] [INFO] [Message] From: mewzrd (7357437878), Text: /language@jejeyversiclone_bot
[12/8/2025, 00.28.44] [INFO] [Message] From: mewzrd (7357437878), Text: /play@jejeyversiclone_bot
[12/8/2025, 00.29.21] [INFO] [Message] From: mewzrd (7357437878), Text: udara lembab akibat turun hujan semalam
[12/8/2025, 00.29.44] [INFO] [Message] From: mewzrd (7357437878), Text: /language@jejeyversiclone_bot
[12/8/2025, 00.33.47] [INFO] Bot launched
[12/8/2025, 00.33.57] [INFO] [Message] From: mewzrd (7357437878), Text: /start
[12/8/2025, 00.34.31] [INFO] Bot launched
[12/8/2025, 00.34.35] [INFO] [Message] From: mewzrd (7357437878), Text: /start
[12/8/2025, 00.43.34] [INFO] Bot launched
[12/8/2025, 00.43.39] [INFO] [Message] From: mewzrd (7357437878), Text: /start
[12/8/2025, 00.43.49] [INFO] [Message] From: mewzrd (7357437878), Text: /start@jejeyversiclone_bot true
[12/8/2025, 00.43.53] [INFO] [Message] From: mewzrd (7357437878), Text: /start@jejeyversiclone_bot
[12/8/2025, 00.44.09] [INFO] [Message] From: mewzrd (7357437878), Text: /play@jejeyversiclone_bot
[12/8/2025, 00.44.16] [INFO] [Message] From: mewzrd (7357437878), Text: wtf
[12/8/2025, 00.44.18] [INFO] [Message] From: mewzrd (7357437878), Text: /language@jejeyversiclone_bot
[12/8/2025, 00.45.49] [INFO] Bot launched
[12/8/2025, 00.45.53] [INFO] [Message] From: mewzrd (7357437878), Text: /language@jejeyversiclone_bot
[12/8/2025, 00.46.45] [INFO] Bot launched
[12/8/2025, 00.46.51] [INFO] [Message] From: mewzrd (7357437878), Text: /language@jejeyversiclone_bot
[12/8/2025, 00.50.50] [INFO] Bot launched
[12/8/2025, 00.50.54] [INFO] [Message] From: mewzrd (7357437878), Text: /language@jejeyversiclone_bot
[12/8/2025, 00.53.48] [INFO] Bot launched
[12/8/2025, 00.53.52] [INFO] [Message] From: mewzrd (7357437878), Text: /language@jejeyversiclone_bot
[12/8/2025, 00.54.05] [INFO] Bot launched
[12/8/2025, 00.54.06] [INFO] [Message] From: mewzrd (7357437878), Text: /play@jejeyversiclone_bot
[12/8/2025, 00.54.22] [INFO] [Message] From: mewzrd (7357437878), Text: pelampung renang
[12/8/2025, 00.54.38] [INFO] [Message] From: mewzrd (7357437878), Text: [non-text message]
[12/8/2025, 01.02.35] [INFO] Bot launched
[12/8/2025, 01.02.50] [INFO] [Message] From: mewzrd (7357437878), Text: /start
[12/8/2025, 01.02.59] [INFO] [Message] From: mewzrd (7357437878), Text: /play
[12/8/2025, 01.03.06] [INFO] [Message] From: mewzrd (7357437878), Text: /language
[12/8/2025, 01.03.11] [INFO] [Message] From: mewzrd (7357437878), Text: /play
[12/8/2025, 01.03.15] [INFO] [Message] From: mewzrd (7357437878), Text: /language
[12/8/2025, 01.12.08] [INFO] Bot launched
[12/8/2025, 02.45.34] [INFO] CONNECTED!!!
[12/8/2025, 02.45.44] [INFO] [Message] From: mewzrd (7357437878), Text: /play
[12/8/2025, 02.45.48] [INFO] [Message] From: mewzrd (7357437878), Text: /start
[12/8/2025, 02.45.59] [INFO] [Message] From: mewzrd (7357437878), Text: [non-text message]
[12/8/2025, 02.46.24] [INFO] [Message] From: mewzrd (7357437878), Text: /start@jejeyversiclone_bot
[12/8/2025, 02.46.26] [INFO] [Message] From: mewzrd (7357437878), Text: /language@jejeyversiclone_bot
[12/8/2025, 02.46.31] [INFO] [Message] From: mewzrd (7357437878), Text: /profile@jejeyversiclone_bot
[12/8/2025, 02.48.58] [INFO] CONNECTED!!!
[12/8/2025, 02.49.02] [INFO] [Message] From: mewzrd (7357437878), Text: /profile@jejeyversiclone_bot
[12/8/2025, 02.49.57] [INFO] CONNECTED!!!
[12/8/2025, 02.50.01] [INFO] [Message] From: mewzrd (7357437878), Text: /profile@jejeyversiclone_bot
[12/8/2025, 02.50.50] [INFO] CONNECTED!!!
[12/8/2025, 02.50.54] [INFO] [Message] From: mewzrd (7357437878), Text: /profile@jejeyversiclone_bot
[12/8/2025, 02.51.53] [INFO] CONNECTED!!!
[12/8/2025, 02.51.56] [INFO] [Message] From: mewzrd (7357437878), Text: /profile@jejeyversiclone_bot
[12/8/2025, 02.52.07] [INFO] [Message] From: mewzrd (7357437878), Text: /profile@jejeyversiclone_bot
[12/8/2025, 02.52.35] [INFO] CONNECTED!!!
[12/8/2025, 02.52.44] [INFO] [Message] From: mewzrd (7357437878), Text: /play@jejeyversiclone_bot
[12/8/2025, 02.52.54] [INFO] [Message] From: mewzrd (7357437878), Text: gatau
[12/8/2025, 02.53.08] [INFO] [Message] From: mewzrd (7357437878), Text: beban dosaku
[12/8/2025, 02.53.11] [INFO] [Message] From: mewzrd (7357437878), Text: /play@jejeyversiclone_bot
